0 info it worked if it ends with ok
1 verbose cli [ 'C:\\Program Files\\nodejs\\node.exe',
1 verbose cli   'C:\\Program Files\\nodejs\\node_modules\\npm\\bin\\npm-cli.js',
1 verbose cli   'install',
1 verbose cli   'jspdf',
1 verbose cli   '--save' ]
2 info using npm@3.10.9
3 info using node@v7.1.0
4 silly loadCurrentTree Starting
5 silly install loadCurrentTree
6 silly install readLocalPackageData
7 silly fetchPackageMetaData jspdf
8 silly fetchNamedPackageData jspdf
9 silly mapToRegistry name jspdf
10 silly mapToRegistry using default registry
11 silly mapToRegistry registry https://registry.npmjs.org/
12 silly mapToRegistry data Result {
12 silly mapToRegistry   raw: 'jspdf',
12 silly mapToRegistry   scope: null,
12 silly mapToRegistry   escapedName: 'jspdf',
12 silly mapToRegistry   name: 'jspdf',
12 silly mapToRegistry   rawSpec: '',
12 silly mapToRegistry   spec: 'latest',
12 silly mapToRegistry   type: 'tag' }
13 silly mapToRegistry uri https://registry.npmjs.org/jspdf
14 verbose request uri https://registry.npmjs.org/jspdf
15 verbose request no auth needed
16 info attempt registry request try #1 at 1:55:46 PM
17 verbose request id 10815bb46271f06b
18 http request GET https://registry.npmjs.org/jspdf
19 http 200 https://registry.npmjs.org/jspdf
20 verbose headers { server: 'nginx/1.10.1',
20 verbose headers   'content-type': 'application/json',
20 verbose headers   'last-modified': 'Tue, 18 Apr 2017 01:58:41 GMT',
20 verbose headers   etag: 'W/"58f572d1-3971"',
20 verbose headers   'content-encoding': 'gzip',
20 verbose headers   'cache-control': 'max-age=300',
20 verbose headers   'content-length': '3956',
20 verbose headers   'accept-ranges': 'bytes',
20 verbose headers   date: 'Thu, 25 May 2017 05:55:43 GMT',
20 verbose headers   via: '1.1 varnish',
20 verbose headers   age: '0',
20 verbose headers   connection: 'keep-alive',
20 verbose headers   'x-served-by': 'cache-sea1036-SEA',
20 verbose headers   'x-cache': 'MISS',
20 verbose headers   'x-cache-hits': '0',
20 verbose headers   'x-timer': 'S1495691743.153704,VS0,VE9',
20 verbose headers   vary: 'Accept-Encoding' }
21 silly get cb [ 200,
21 silly get   { server: 'nginx/1.10.1',
21 silly get     'content-type': 'application/json',
21 silly get     'last-modified': 'Tue, 18 Apr 2017 01:58:41 GMT',
21 silly get     etag: 'W/"58f572d1-3971"',
21 silly get     'content-encoding': 'gzip',
21 silly get     'cache-control': 'max-age=300',
21 silly get     'content-length': '3956',
21 silly get     'accept-ranges': 'bytes',
21 silly get     date: 'Thu, 25 May 2017 05:55:43 GMT',
21 silly get     via: '1.1 varnish',
21 silly get     age: '0',
21 silly get     connection: 'keep-alive',
21 silly get     'x-served-by': 'cache-sea1036-SEA',
21 silly get     'x-cache': 'MISS',
21 silly get     'x-cache-hits': '0',
21 silly get     'x-timer': 'S1495691743.153704,VS0,VE9',
21 silly get     vary: 'Accept-Encoding' } ]
22 verbose get saving jspdf to C:\Users\DA-MIS-EDM\AppData\Roaming\npm-cache\registry.npmjs.org\jspdf\.cache.json
23 verbose correctMkdir C:\Users\DA-MIS-EDM\AppData\Roaming\npm-cache correctMkdir not in flight; initializing
24 silly install normalizeTree
25 silly loadCurrentTree Finishing
26 silly loadIdealTree Starting
27 silly install loadIdealTree
28 silly cloneCurrentTree Starting
29 silly install cloneCurrentTreeToIdealTree
30 silly cloneCurrentTree Finishing
31 silly loadShrinkwrap Starting
32 silly install loadShrinkwrap
33 silly loadShrinkwrap Finishing
34 silly loadAllDepsIntoIdealTree Starting
35 silly install loadAllDepsIntoIdealTree
36 silly resolveWithNewModule jspdf@1.3.3 checking installable status
37 silly cache add args [ 'jspdf', null ]
38 verbose cache add spec jspdf
39 silly cache add parsed spec Result {
39 silly cache add   raw: 'jspdf',
39 silly cache add   scope: null,
39 silly cache add   escapedName: 'jspdf',
39 silly cache add   name: 'jspdf',
39 silly cache add   rawSpec: '',
39 silly cache add   spec: 'latest',
39 silly cache add   type: 'tag' }
40 silly addNamed jspdf@latest
41 verbose addNamed "latest" is being treated as a dist-tag for jspdf
42 info addNameTag [ 'jspdf', 'latest' ]
43 silly mapToRegistry name jspdf
44 silly mapToRegistry using default registry
45 silly mapToRegistry registry https://registry.npmjs.org/
46 silly mapToRegistry data Result {
46 silly mapToRegistry   raw: 'jspdf',
46 silly mapToRegistry   scope: null,
46 silly mapToRegistry   escapedName: 'jspdf',
46 silly mapToRegistry   name: 'jspdf',
46 silly mapToRegistry   rawSpec: '',
46 silly mapToRegistry   spec: 'latest',
46 silly mapToRegistry   type: 'tag' }
47 silly mapToRegistry uri https://registry.npmjs.org/jspdf
48 verbose addNameTag registry:https://registry.npmjs.org/jspdf not in flight; fetching
49 verbose get https://registry.npmjs.org/jspdf not expired, no request
50 silly addNameTag next cb for jspdf with tag latest
51 silly addNamed jspdf@1.3.3
52 verbose addNamed "1.3.3" is a plain semver version for jspdf
53 silly mapToRegistry name jspdf
54 silly mapToRegistry using default registry
55 silly mapToRegistry registry https://registry.npmjs.org/
56 silly mapToRegistry data Result {
56 silly mapToRegistry   raw: 'jspdf',
56 silly mapToRegistry   scope: null,
56 silly mapToRegistry   escapedName: 'jspdf',
56 silly mapToRegistry   name: 'jspdf',
56 silly mapToRegistry   rawSpec: '',
56 silly mapToRegistry   spec: 'latest',
56 silly mapToRegistry   type: 'tag' }
57 silly mapToRegistry uri https://registry.npmjs.org/jspdf
58 verbose addRemoteTarball https://registry.npmjs.org/jspdf/-/jspdf-1.3.3.tgz not in flight; adding
59 verbose addRemoteTarball [ 'https://registry.npmjs.org/jspdf/-/jspdf-1.3.3.tgz',
59 verbose addRemoteTarball   'b3b76d6256acbd2032bfe96cf88304696e11de0c' ]
60 info retry fetch attempt 1 at 1:55:48 PM
61 info attempt registry request try #1 at 1:55:48 PM
62 http fetch GET https://registry.npmjs.org/jspdf/-/jspdf-1.3.3.tgz
63 http fetch 200 https://registry.npmjs.org/jspdf/-/jspdf-1.3.3.tgz
64 silly fetchAndShaCheck shasum b3b76d6256acbd2032bfe96cf88304696e11de0c
65 verbose addTmpTarball C:\Users\DA-MIS~1\AppData\Local\Temp\npm-6932-d8629ea5\registry.npmjs.org\jspdf\-\jspdf-1.3.3.tgz not in flight; adding
66 verbose addTmpTarball already have metadata; skipping unpack for jspdf@1.3.3
67 verbose correctMkdir C:\Users\DA-MIS-EDM\AppData\Roaming\npm-cache correctMkdir not in flight; initializing
68 silly cache afterAdd jspdf@1.3.3
69 verbose afterAdd C:\Users\DA-MIS-EDM\AppData\Roaming\npm-cache\jspdf\1.3.3\package\package.json not in flight; writing
70 verbose correctMkdir C:\Users\DA-MIS-EDM\AppData\Roaming\npm-cache correctMkdir not in flight; initializing
71 verbose afterAdd C:\Users\DA-MIS-EDM\AppData\Roaming\npm-cache\jspdf\1.3.3\package\package.json written
72 silly fetchNamedPackageData cf-blob.js
73 silly mapToRegistry name cf-blob.js
74 silly mapToRegistry using default registry
75 silly mapToRegistry registry https://registry.npmjs.org/
76 silly mapToRegistry data Result {
76 silly mapToRegistry   raw: 'cf-blob.js',
76 silly mapToRegistry   scope: null,
76 silly mapToRegistry   escapedName: 'cf-blob.js',
76 silly mapToRegistry   name: 'cf-blob.js',
76 silly mapToRegistry   rawSpec: '',
76 silly mapToRegistry   spec: 'latest',
76 silly mapToRegistry   type: 'tag' }
77 silly mapToRegistry uri https://registry.npmjs.org/cf-blob.js
78 silly fetchOtherPackageData adler32cs@github:chick307/adler32cs.js
79 silly cache add args [ 'adler32cs@github:chick307/adler32cs.js', null ]
80 verbose cache add spec adler32cs@github:chick307/adler32cs.js
81 silly fetchOtherPackageData filesaver.js@github:andyinabox/FileSaver.js
82 silly cache add args [ 'filesaver.js@github:andyinabox/FileSaver.js', null ]
83 verbose cache add spec filesaver.js@github:andyinabox/FileSaver.js
84 silly cache add parsed spec Result {
84 silly cache add   raw: 'adler32cs@github:chick307/adler32cs.js',
84 silly cache add   scope: null,
84 silly cache add   escapedName: 'adler32cs',
84 silly cache add   name: 'adler32cs',
84 silly cache add   rawSpec: 'github:chick307/adler32cs.js',
84 silly cache add   spec: 'github:chick307/adler32cs.js',
84 silly cache add   type: 'hosted',
84 silly cache add   hosted:
84 silly cache add    { type: 'github',
84 silly cache add      ssh: 'git@github.com:chick307/adler32cs.js.git',
84 silly cache add      sshUrl: 'git+ssh://git@github.com/chick307/adler32cs.js.git',
84 silly cache add      httpsUrl: 'git+https://github.com/chick307/adler32cs.js.git',
84 silly cache add      gitUrl: 'git://github.com/chick307/adler32cs.js.git',
84 silly cache add      shortcut: 'github:chick307/adler32cs.js',
84 silly cache add      directUrl: 'https://raw.githubusercontent.com/chick307/adler32cs.js/master/package.json' } }
85 verbose addRemoteGit caching github:chick307/adler32cs.js
86 verbose addRemoteGit chick307/adler32cs.js is a repository hosted by github
87 silly tryGitProto attempting to clone git://github.com/chick307/adler32cs.js.git
88 silly tryClone cloning chick307/adler32cs.js via git://github.com/chick307/adler32cs.js.git
89 verbose tryClone git-github-com-chick307-adler32cs-js-git-428b6691 not in flight; caching
90 verbose correctMkdir C:\Users\DA-MIS-EDM\AppData\Roaming\npm-cache\_git-remotes correctMkdir not in flight; initializing
91 silly cache add parsed spec Result {
91 silly cache add   raw: 'filesaver.js@github:andyinabox/FileSaver.js',
91 silly cache add   scope: null,
91 silly cache add   escapedName: 'filesaver.js',
91 silly cache add   name: 'filesaver.js',
91 silly cache add   rawSpec: 'github:andyinabox/FileSaver.js',
91 silly cache add   spec: 'github:andyinabox/FileSaver.js',
91 silly cache add   type: 'hosted',
91 silly cache add   hosted:
91 silly cache add    { type: 'github',
91 silly cache add      ssh: 'git@github.com:andyinabox/FileSaver.js.git',
91 silly cache add      sshUrl: 'git+ssh://git@github.com/andyinabox/FileSaver.js.git',
91 silly cache add      httpsUrl: 'git+https://github.com/andyinabox/FileSaver.js.git',
91 silly cache add      gitUrl: 'git://github.com/andyinabox/FileSaver.js.git',
91 silly cache add      shortcut: 'github:andyinabox/FileSaver.js',
91 silly cache add      directUrl: 'https://raw.githubusercontent.com/andyinabox/FileSaver.js/master/package.json' } }
92 verbose addRemoteGit caching github:andyinabox/FileSaver.js
93 verbose addRemoteGit andyinabox/FileSaver.js is a repository hosted by github
94 silly tryGitProto attempting to clone git://github.com/andyinabox/FileSaver.js.git
95 silly tryClone cloning andyinabox/FileSaver.js via git://github.com/andyinabox/FileSaver.js.git
96 verbose tryClone git-github-com-andyinabox-FileSaver-js-git-01d3ff96 not in flight; caching
97 verbose correctMkdir C:\Users\DA-MIS-EDM\AppData\Roaming\npm-cache\_git-remotes correctMkdir already in flight; waiting
98 verbose makeDirectory C:\Users\DA-MIS-EDM\AppData\Roaming\npm-cache\_git-remotes creation not in flight; initializing
99 verbose makeCacheDir UID & GID are irrelevant on win32
100 verbose request uri https://registry.npmjs.org/cf-blob.js
101 verbose request no auth needed
102 info attempt registry request try #1 at 1:55:49 PM
103 http request GET https://registry.npmjs.org/cf-blob.js
104 verbose git clone --template=C:\Users\DA-MIS-EDM\AppData\Roaming\npm-cache\_git-remotes\_templates --mirror git://github.com/chick307/adler32cs.js.git C:\Users\DA-MIS-EDM\AppData\Roaming\npm-cache\_git-remotes\git-github-com-chick307-adler32cs-js-git-428b6691: undefined
104 verbose git clone --template=C:\Users\DA-MIS-EDM\AppData\Roaming\npm-cache\_git-remotes\_templates --mirror git://github.com/chick307/adler32cs.js.git C:\Users\DA-MIS-EDM\AppData\Roaming\npm-cache\_git-remotes\git-github-com-chick307-adler32cs-js-git-428b6691: undefined
105 silly tryHTTPS attempting to clone git+https://github.com/chick307/adler32cs.js.git
106 silly tryClone cloning chick307/adler32cs.js via git+https://github.com/chick307/adler32cs.js.git
107 verbose tryClone git-https-github-com-chick307-adler32cs-js-git-574a3cb0 not in flight; caching
108 verbose correctMkdir C:\Users\DA-MIS-EDM\AppData\Roaming\npm-cache\_git-remotes correctMkdir not in flight; initializing
109 verbose git clone --template=C:\Users\DA-MIS-EDM\AppData\Roaming\npm-cache\_git-remotes\_templates --mirror git://github.com/andyinabox/FileSaver.js.git C:\Users\DA-MIS-EDM\AppData\Roaming\npm-cache\_git-remotes\git-github-com-andyinabox-FileSaver-js-git-01d3ff96: undefined
109 verbose git clone --template=C:\Users\DA-MIS-EDM\AppData\Roaming\npm-cache\_git-remotes\_templates --mirror git://github.com/andyinabox/FileSaver.js.git C:\Users\DA-MIS-EDM\AppData\Roaming\npm-cache\_git-remotes\git-github-com-andyinabox-FileSaver-js-git-01d3ff96: undefined
110 silly tryHTTPS attempting to clone git+https://github.com/andyinabox/FileSaver.js.git
111 silly tryClone cloning andyinabox/FileSaver.js via git+https://github.com/andyinabox/FileSaver.js.git
112 verbose tryClone git-https-github-com-andyinabox-FileSaver-js-git-f13f0ce3 not in flight; caching
113 verbose correctMkdir C:\Users\DA-MIS-EDM\AppData\Roaming\npm-cache\_git-remotes correctMkdir not in flight; initializing
114 verbose git clone --template=C:\Users\DA-MIS-EDM\AppData\Roaming\npm-cache\_git-remotes\_templates --mirror https://github.com/andyinabox/FileSaver.js.git C:\Users\DA-MIS-EDM\AppData\Roaming\npm-cache\_git-remotes\git-https-github-com-andyinabox-FileSaver-js-git-f13f0ce3: undefined
114 verbose git clone --template=C:\Users\DA-MIS-EDM\AppData\Roaming\npm-cache\_git-remotes\_templates --mirror https://github.com/andyinabox/FileSaver.js.git C:\Users\DA-MIS-EDM\AppData\Roaming\npm-cache\_git-remotes\git-https-github-com-andyinabox-FileSaver-js-git-f13f0ce3: undefined
115 silly trySSH attempting to clone git@github.com:andyinabox/FileSaver.js.git
116 silly tryClone cloning andyinabox/FileSaver.js via git@github.com:andyinabox/FileSaver.js.git
117 verbose tryClone git-github-com-andyinabox-FileSaver-js-git-e433c213 not in flight; caching
118 verbose correctMkdir C:\Users\DA-MIS-EDM\AppData\Roaming\npm-cache\_git-remotes correctMkdir not in flight; initializing
119 verbose git clone --template=C:\Users\DA-MIS-EDM\AppData\Roaming\npm-cache\_git-remotes\_templates --mirror https://github.com/chick307/adler32cs.js.git C:\Users\DA-MIS-EDM\AppData\Roaming\npm-cache\_git-remotes\git-https-github-com-chick307-adler32cs-js-git-574a3cb0: undefined
119 verbose git clone --template=C:\Users\DA-MIS-EDM\AppData\Roaming\npm-cache\_git-remotes\_templates --mirror https://github.com/chick307/adler32cs.js.git C:\Users\DA-MIS-EDM\AppData\Roaming\npm-cache\_git-remotes\git-https-github-com-chick307-adler32cs-js-git-574a3cb0: undefined
120 silly trySSH attempting to clone git@github.com:chick307/adler32cs.js.git
121 silly tryClone cloning chick307/adler32cs.js via git@github.com:chick307/adler32cs.js.git
122 verbose tryClone git-github-com-chick307-adler32cs-js-git-de4a87bb not in flight; caching
123 verbose correctMkdir C:\Users\DA-MIS-EDM\AppData\Roaming\npm-cache\_git-remotes correctMkdir not in flight; initializing
124 error git clone --template=C:\Users\DA-MIS-EDM\AppData\Roaming\npm-cache\_git-remotes\_templates --mirror git@github.com:chick307/adler32cs.js.git C:\Users\DA-MIS-EDM\AppData\Roaming\npm-cache\_git-remotes\git-github-com-chick307-adler32cs-js-git-de4a87bb: undefined
124 error git clone --template=C:\Users\DA-MIS-EDM\AppData\Roaming\npm-cache\_git-remotes\_templates --mirror git@github.com:chick307/adler32cs.js.git C:\Users\DA-MIS-EDM\AppData\Roaming\npm-cache\_git-remotes\git-github-com-chick307-adler32cs-js-git-de4a87bb: undefined
125 silly fetchPackageMetaData Error: not found: git
125 silly fetchPackageMetaData     at getNotFoundError (C:\Program Files\nodejs\node_modules\npm\node_modules\which\which.js:14:12)
125 silly fetchPackageMetaData     at F (C:\Program Files\nodejs\node_modules\npm\node_modules\which\which.js:69:19)
125 silly fetchPackageMetaData     at E (C:\Program Files\nodejs\node_modules\npm\node_modules\which\which.js:81:29)
125 silly fetchPackageMetaData     at C:\Program Files\nodejs\node_modules\npm\node_modules\which\which.js:90:16
125 silly fetchPackageMetaData     at C:\Program Files\nodejs\node_modules\npm\node_modules\which\node_modules\isexe\index.js:44:5
125 silly fetchPackageMetaData     at C:\Program Files\nodejs\node_modules\npm\node_modules\which\node_modules\isexe\windows.js:29:5
125 silly fetchPackageMetaData     at C:\Program Files\nodejs\node_modules\npm\node_modules\graceful-fs\polyfills.js:264:29
125 silly fetchPackageMetaData     at FSReqWrap.oncomplete (fs.js:111:15)
125 silly fetchPackageMetaData  error for adler32cs@github:chick307/adler32cs.js { Error: not found: git
125 silly fetchPackageMetaData     at getNotFoundError (C:\Program Files\nodejs\node_modules\npm\node_modules\which\which.js:14:12)
125 silly fetchPackageMetaData     at F (C:\Program Files\nodejs\node_modules\npm\node_modules\which\which.js:69:19)
125 silly fetchPackageMetaData     at E (C:\Program Files\nodejs\node_modules\npm\node_modules\which\which.js:81:29)
125 silly fetchPackageMetaData     at C:\Program Files\nodejs\node_modules\npm\node_modules\which\which.js:90:16
125 silly fetchPackageMetaData     at C:\Program Files\nodejs\node_modules\npm\node_modules\which\node_modules\isexe\index.js:44:5
125 silly fetchPackageMetaData     at C:\Program Files\nodejs\node_modules\npm\node_modules\which\node_modules\isexe\windows.js:29:5
125 silly fetchPackageMetaData     at C:\Program Files\nodejs\node_modules\npm\node_modules\graceful-fs\polyfills.js:264:29
125 silly fetchPackageMetaData     at FSReqWrap.oncomplete (fs.js:111:15) code: 'ENOGIT' }
126 error git clone --template=C:\Users\DA-MIS-EDM\AppData\Roaming\npm-cache\_git-remotes\_templates --mirror git@github.com:andyinabox/FileSaver.js.git C:\Users\DA-MIS-EDM\AppData\Roaming\npm-cache\_git-remotes\git-github-com-andyinabox-FileSaver-js-git-e433c213: undefined
126 error git clone --template=C:\Users\DA-MIS-EDM\AppData\Roaming\npm-cache\_git-remotes\_templates --mirror git@github.com:andyinabox/FileSaver.js.git C:\Users\DA-MIS-EDM\AppData\Roaming\npm-cache\_git-remotes\git-github-com-andyinabox-FileSaver-js-git-e433c213: undefined
127 silly fetchPackageMetaData Error: not found: git
127 silly fetchPackageMetaData     at getNotFoundError (C:\Program Files\nodejs\node_modules\npm\node_modules\which\which.js:14:12)
127 silly fetchPackageMetaData     at F (C:\Program Files\nodejs\node_modules\npm\node_modules\which\which.js:69:19)
127 silly fetchPackageMetaData     at E (C:\Program Files\nodejs\node_modules\npm\node_modules\which\which.js:81:29)
127 silly fetchPackageMetaData     at C:\Program Files\nodejs\node_modules\npm\node_modules\which\which.js:90:16
127 silly fetchPackageMetaData     at C:\Program Files\nodejs\node_modules\npm\node_modules\which\node_modules\isexe\index.js:44:5
127 silly fetchPackageMetaData     at C:\Program Files\nodejs\node_modules\npm\node_modules\which\node_modules\isexe\windows.js:29:5
127 silly fetchPackageMetaData     at C:\Program Files\nodejs\node_modules\npm\node_modules\graceful-fs\polyfills.js:264:29
127 silly fetchPackageMetaData     at FSReqWrap.oncomplete (fs.js:111:15)
127 silly fetchPackageMetaData  error for filesaver.js@github:andyinabox/FileSaver.js { Error: not found: git
127 silly fetchPackageMetaData     at getNotFoundError (C:\Program Files\nodejs\node_modules\npm\node_modules\which\which.js:14:12)
127 silly fetchPackageMetaData     at F (C:\Program Files\nodejs\node_modules\npm\node_modules\which\which.js:69:19)
127 silly fetchPackageMetaData     at E (C:\Program Files\nodejs\node_modules\npm\node_modules\which\which.js:81:29)
127 silly fetchPackageMetaData     at C:\Program Files\nodejs\node_modules\npm\node_modules\which\which.js:90:16
127 silly fetchPackageMetaData     at C:\Program Files\nodejs\node_modules\npm\node_modules\which\node_modules\isexe\index.js:44:5
127 silly fetchPackageMetaData     at C:\Program Files\nodejs\node_modules\npm\node_modules\which\node_modules\isexe\windows.js:29:5
127 silly fetchPackageMetaData     at C:\Program Files\nodejs\node_modules\npm\node_modules\graceful-fs\polyfills.js:264:29
127 silly fetchPackageMetaData     at FSReqWrap.oncomplete (fs.js:111:15) code: 'ENOGIT' }
128 http 200 https://registry.npmjs.org/cf-blob.js
129 verbose headers { server: 'nginx/1.10.3',
129 verbose headers   'content-type': 'application/json',
129 verbose headers   'last-modified': 'Sun, 06 Dec 2015 19:47:35 GMT',
129 verbose headers   etag: 'W/"566490d7-6e6"',
129 verbose headers   'content-encoding': 'gzip',
129 verbose headers   'cache-control': 'max-age=300',
129 verbose headers   'content-length': '739',
129 verbose headers   'accept-ranges': 'bytes',
129 verbose headers   date: 'Thu, 25 May 2017 05:55:45 GMT',
129 verbose headers   via: '1.1 varnish',
129 verbose headers   age: '0',
129 verbose headers   connection: 'keep-alive',
129 verbose headers   'x-served-by': 'cache-sea1036-SEA',
129 verbose headers   'x-cache': 'MISS',
129 verbose headers   'x-cache-hits': '0',
129 verbose headers   'x-timer': 'S1495691745.329007,VS0,VE70',
129 verbose headers   vary: 'Accept-Encoding' }
130 silly get cb [ 200,
130 silly get   { server: 'nginx/1.10.3',
130 silly get     'content-type': 'application/json',
130 silly get     'last-modified': 'Sun, 06 Dec 2015 19:47:35 GMT',
130 silly get     etag: 'W/"566490d7-6e6"',
130 silly get     'content-encoding': 'gzip',
130 silly get     'cache-control': 'max-age=300',
130 silly get     'content-length': '739',
130 silly get     'accept-ranges': 'bytes',
130 silly get     date: 'Thu, 25 May 2017 05:55:45 GMT',
130 silly get     via: '1.1 varnish',
130 silly get     age: '0',
130 silly get     connection: 'keep-alive',
130 silly get     'x-served-by': 'cache-sea1036-SEA',
130 silly get     'x-cache': 'MISS',
130 silly get     'x-cache-hits': '0',
130 silly get     'x-timer': 'S1495691745.329007,VS0,VE70',
130 silly get     vary: 'Accept-Encoding' } ]
131 verbose get saving cf-blob.js to C:\Users\DA-MIS-EDM\AppData\Roaming\npm-cache\registry.npmjs.org\cf-blob.js\.cache.json
132 verbose correctMkdir C:\Users\DA-MIS-EDM\AppData\Roaming\npm-cache correctMkdir not in flight; initializing
133 silly resolveWithNewModule cf-blob.js@0.0.1 checking installable status
134 silly cache add args [ 'cf-blob.js@0.0.1', null ]
135 verbose cache add spec cf-blob.js@0.0.1
136 silly cache add parsed spec Result {
136 silly cache add   raw: 'cf-blob.js@0.0.1',
136 silly cache add   scope: null,
136 silly cache add   escapedName: 'cf-blob.js',
136 silly cache add   name: 'cf-blob.js',
136 silly cache add   rawSpec: '0.0.1',
136 silly cache add   spec: '0.0.1',
136 silly cache add   type: 'version' }
137 silly addNamed cf-blob.js@0.0.1
138 verbose addNamed "0.0.1" is a plain semver version for cf-blob.js
139 silly mapToRegistry name cf-blob.js
140 silly mapToRegistry using default registry
141 silly mapToRegistry registry https://registry.npmjs.org/
142 silly mapToRegistry data Result {
142 silly mapToRegistry   raw: 'cf-blob.js',
142 silly mapToRegistry   scope: null,
142 silly mapToRegistry   escapedName: 'cf-blob.js',
142 silly mapToRegistry   name: 'cf-blob.js',
142 silly mapToRegistry   rawSpec: '',
142 silly mapToRegistry   spec: 'latest',
142 silly mapToRegistry   type: 'tag' }
143 silly mapToRegistry uri https://registry.npmjs.org/cf-blob.js
144 verbose addNameVersion registry:https://registry.npmjs.org/cf-blob.js not in flight; fetching
145 verbose get https://registry.npmjs.org/cf-blob.js not expired, no request
146 silly mapToRegistry name cf-blob.js
147 silly mapToRegistry using default registry
148 silly mapToRegistry registry https://registry.npmjs.org/
149 silly mapToRegistry data Result {
149 silly mapToRegistry   raw: 'cf-blob.js',
149 silly mapToRegistry   scope: null,
149 silly mapToRegistry   escapedName: 'cf-blob.js',
149 silly mapToRegistry   name: 'cf-blob.js',
149 silly mapToRegistry   rawSpec: '',
149 silly mapToRegistry   spec: 'latest',
149 silly mapToRegistry   type: 'tag' }
150 silly mapToRegistry uri https://registry.npmjs.org/cf-blob.js
151 verbose addRemoteTarball https://registry.npmjs.org/cf-blob.js/-/cf-blob.js-0.0.1.tgz not in flight; adding
152 verbose addRemoteTarball [ 'https://registry.npmjs.org/cf-blob.js/-/cf-blob.js-0.0.1.tgz',
152 verbose addRemoteTarball   'f5ab7e12e798caf08ccf828c69aba0f063d83f99' ]
153 info retry fetch attempt 1 at 1:55:50 PM
154 info attempt registry request try #1 at 1:55:50 PM
155 http fetch GET https://registry.npmjs.org/cf-blob.js/-/cf-blob.js-0.0.1.tgz
156 http fetch 200 https://registry.npmjs.org/cf-blob.js/-/cf-blob.js-0.0.1.tgz
157 silly fetchAndShaCheck shasum f5ab7e12e798caf08ccf828c69aba0f063d83f99
158 verbose addTmpTarball C:\Users\DA-MIS~1\AppData\Local\Temp\npm-6932-d8629ea5\registry.npmjs.org\cf-blob.js\-\cf-blob.js-0.0.1.tgz not in flight; adding
159 verbose addTmpTarball already have metadata; skipping unpack for cf-blob.js@0.0.1
160 verbose correctMkdir C:\Users\DA-MIS-EDM\AppData\Roaming\npm-cache correctMkdir not in flight; initializing
161 silly cache afterAdd cf-blob.js@0.0.1
162 verbose afterAdd C:\Users\DA-MIS-EDM\AppData\Roaming\npm-cache\cf-blob.js\0.0.1\package\package.json not in flight; writing
163 verbose correctMkdir C:\Users\DA-MIS-EDM\AppData\Roaming\npm-cache correctMkdir not in flight; initializing
164 verbose afterAdd C:\Users\DA-MIS-EDM\AppData\Roaming\npm-cache\cf-blob.js\0.0.1\package\package.json written
165 silly rollbackFailedOptional Starting
166 silly rollbackFailedOptional Finishing
167 silly runTopLevelLifecycles Finishing
168 silly install printInstalled
169 verbose stack Error: not found: git
169 verbose stack     at getNotFoundError (C:\Program Files\nodejs\node_modules\npm\node_modules\which\which.js:14:12)
169 verbose stack     at F (C:\Program Files\nodejs\node_modules\npm\node_modules\which\which.js:69:19)
169 verbose stack     at E (C:\Program Files\nodejs\node_modules\npm\node_modules\which\which.js:81:29)
169 verbose stack     at C:\Program Files\nodejs\node_modules\npm\node_modules\which\which.js:90:16
169 verbose stack     at C:\Program Files\nodejs\node_modules\npm\node_modules\which\node_modules\isexe\index.js:44:5
169 verbose stack     at C:\Program Files\nodejs\node_modules\npm\node_modules\which\node_modules\isexe\windows.js:29:5
169 verbose stack     at C:\Program Files\nodejs\node_modules\npm\node_modules\graceful-fs\polyfills.js:264:29
169 verbose stack     at FSReqWrap.oncomplete (fs.js:111:15)
170 verbose cwd C:\Users\DA-MIS-EDM\hris2
171 error Windows_NT 6.1.7601
172 error argv "C:\\Program Files\\nodejs\\node.exe" "C:\\Program Files\\nodejs\\node_modules\\npm\\bin\\npm-cli.js" "install" "jspdf" "--save"
173 error node v7.1.0
174 error npm  v3.10.9
175 error code ENOGIT
176 error not found: git
177 error Failed using git.
177 error This is most likely not a problem with npm itself.
177 error Please check if you have git installed and in your PATH.
178 verbose exit [ 1, true ]
